2022-12-18 14:41:27.515 [lettuce-nioEventLoop-4-4] INFO  io.lettuce.core.protocol.CommandHandler:217 - null Unexpected exception during request: java.io.IOException: 远程主机强迫关闭了一个现有的连接。
java.io.IOException: 远程主机强迫关闭了一个现有的连接。
	at sun.nio.ch.SocketDispatcher.read0(Native Method)
	at sun.nio.ch.SocketDispatcher.read(SocketDispatcher.java:43)
	at sun.nio.ch.IOUtil.readIntoNativeBuffer(IOUtil.java:223)
	at sun.nio.ch.IOUtil.read(IOUtil.java:192)
	at sun.nio.ch.SocketChannelImpl.read(SocketChannelImpl.java:379)
	at io.netty.buffer.PooledByteBuf.setBytes(PooledByteBuf.java:258)
	at io.netty.buffer.AbstractByteBuf.writeBytes(AbstractByteBuf.java:1132)
	at io.netty.channel.socket.nio.NioSocketChannel.doReadBytes(NioSocketChannel.java:350)
	at io.netty.channel.nio.AbstractNioByteChannel$NioByteUnsafe.read(AbstractNioByteChannel.java:151)
	at io.netty.channel.nio.NioEventLoop.processSelectedKey(NioEventLoop.java:722)
	at io.netty.channel.nio.NioEventLoop.processSelectedKeysOptimized(NioEventLoop.java:658)
	at io.netty.channel.nio.NioEventLoop.processSelectedKeys(NioEventLoop.java:584)
	at io.netty.channel.nio.NioEventLoop.run(NioEventLoop.java:496)
	at io.netty.util.concurrent.SingleThreadEventExecutor$4.run(SingleThreadEventExecutor.java:986)
	at io.netty.util.internal.ThreadExecutorMap$2.run(ThreadExecutorMap.java:74)
	at io.netty.util.concurrent.FastThreadLocalRunnable.run(FastThreadLocalRunnable.java:30)
	at java.lang.Thread.run(Thread.java:750)
2022-12-18 14:41:27.586 [lettuce-eventExecutorLoop-1-3] INFO  io.lettuce.core.protocol.ConnectionWatchdog:171 - Reconnecting, last destination was /121.40.112.76:6379
2022-12-18 14:41:39.389 [lettuce-nioEventLoop-4-5] INFO  io.lettuce.core.protocol.ReconnectionHandler:174 - Reconnected to 121.40.112.76:6379
2022-12-18 20:53:54.735 [http-nio-8080-exec-8] INFO  o.j.c.desensitization.aspect.SensitiveDataAspect:76 - 加密操作，Aspect程序耗时：8ms
2022-12-18 20:53:54.735 [http-nio-8080-exec-3] INFO  o.j.c.desensitization.aspect.SensitiveDataAspect:76 - 加密操作，Aspect程序耗时：8ms
2022-12-18 20:53:54.856 [http-nio-8080-exec-5] INFO  o.jeecg.modules.system.controller.LoginController:193 -  用户名:  管理员,退出成功！ 
2022-12-18 20:53:56.131 [http-nio-8080-exec-7] INFO  o.jeecg.modules.system.controller.LoginController:516 - 获取验证码，Redis key = dce5503ed130c907c1a4d90f9eca63e6，checkCode = 84pT
2022-12-18 20:53:56.465 [http-nio-8080-exec-4] INFO  org.jeecg.modules.message.websocket.WebSocket:52 - 【系统 WebSocket】连接断开，总数为:0
2022-12-18 20:53:59.438 [http-nio-8080-exec-1] INFO  o.jeecg.modules.system.controller.LoginController:516 - 获取验证码，Redis key = b6f70895c3c9608ef7cc6881debc3dfe，checkCode = 6mHv
